This is XeTeX, Version 3.141592653-2.6-0.999997 (TeX Live 2025) (preloaded format=xelatex 2025.3.8)  8 JAN 2026 12:35
entering extended mode
 restricted \write18 enabled.
 file:line:error style messages enabled.
 %&-line parsing enabled.
**"/Users/mparsaarani/Sharif_Github/Term3CLSProject/Brief_Explanation/Optional Project.tex"
(/Users/mparsaarani/Sharif_Github/Term3CLSProject/Brief_Explanation/Optional Project.tex
LaTeX2e <2024-11-01> patch level 2
L3 programming layer <2025-01-18>
(/usr/local/texlive/2025/texmf-dist/tex/latex/exam/exam.cls
Document Class: exam 2023/07/09 Version 2.704 by Philip Hirschhorn
(/usr/local/texlive/2025/texmf-dist/tex/latex/base/ifthen.sty
Package: ifthen 2024/03/16 v1.1e Standard LaTeX ifthen package (DPC)
) (/usr/local/texlive/2025/texmf-dist/tex/latex/base/article.cls
Document Class: article 2024/06/29 v1.4n Standard LaTeX document class
(/usr/local/texlive/2025/texmf-dist/tex/latex/base/size12.clo
File: size12.clo 2024/06/29 v1.4n Standard LaTeX file (size option)
)
\c@part=\count192
\c@section=\count193
\c@subsection=\count194
\c@subsubsection=\count195
\c@paragraph=\count196
\c@subparagraph=\count197
\c@figure=\count198
\c@table=\count199
\abovecaptionskip=\skip49
\belowcaptionskip=\skip50
\bibindent=\dimen141
)
\@extrawidth=\skip51
\@rightmargin=\skip52
\@extrahead=\skip53
\@extrafoot=\skip54
\run@exhd=\skip55
\fp@exhd=\skip56
\run@exft=\skip57
\fp@exft=\skip58
\covrun@exhd=\skip59
\covfp@exhd=\skip60
\covrun@exft=\skip61
\covfp@exft=\skip62
\c@num@coverpages=\count266
\c@latest@ques=\count267
\c@ques@end=\count268
\c@last@object=\count269
\c@incmp@ques=\count270
\c@next@ques=\count271
\c@next@page=\count272
\c@tmp@hlfcntr=\count273
\c@ifpos@cntr=\count274
\c@question=\count275
\c@partno=\count276
\c@subpart=\count277
\c@subsubpart=\count278
\c@choice=\count279
\c@numpoints=\count280
\c@numbonuspoints=\count281
\c@pointsof@thisquestion=\count282
\c@bonuspointsof@thisquestion=\count283
\c@numquestions=\count284
\c@numparts=\count285
\c@numsubparts=\count286
\c@numsubsubparts=\count287
\c@Curr@Page=\count288
\c@@pagepoints=\count289
\c@@pagebonuspoints=\count290
\c@pageof@pagepoints=\count291
\c@pageof@pagebonuspoints=\count292
\c@latest@points=\count293
\c@latest@bonuspoints=\count294
\pageinfo@commands=\toks17
\temp@toks=\toks18
\pagepoint@commands=\toks19
\point@toks=\toks20
\c@ques@object=\count295
\marginpointssep=\skip63
\rightpointsmargin=\skip64
\choice@toks=\toks21
\answerlinelength=\skip65
\answerskip=\skip66
\answerclearance=\skip67
\fillinlinelength=\skip68
\linefillheight=\skip69
\linefillthickness=\skip70
\dottedlinefillheight=\skip71
\gridsize=\skip72
\gridlinewidth=\skip73
\minboxheight=\skip74
\c@@iterator=\count296
\@cellwidth=\skip75
\c@tbl@points=\count297
\c@tbl@bonuspoints=\count298
\c@pq@index=\count299
\c@pq@index@pts=\count300
\c@pq@index@bpts=\count301
\c@num@cols=\count302
\c@num@rows=\count303
\c@current@row=\count304
\c@cols@done=\count305
\c@exam@saved@eqnum=\count306
\exam@box=\box52
\saved@totalleftmargin=\dimen142
\@sollistdepth=\count307
\exam@FrameRule=\dimen143
\exam@FrameSep=\dimen144
) (/usr/local/texlive/2025/texmf-dist/tex/latex/setspace/setspace.sty
Package: setspace 2022/12/04 v6.7b set line spacing
) (/usr/local/texlive/2025/texmf-dist/tex/latex/listings/listings.sty (/usr/local/texlive/2025/texmf-dist/tex/latex/graphics/keyval.sty
Package: keyval 2022/05/29 v1.15 key=value parser (DPC)
\KV@toks@=\toks22
)
\lst@mode=\count308
\lst@gtempboxa=\box53
\lst@token=\toks23
\lst@length=\count309
\lst@currlwidth=\dimen145
\lst@column=\count310
\lst@pos=\count311
\lst@lostspace=\dimen146
\lst@width=\dimen147
\lst@newlines=\count312
\lst@lineno=\count313
\lst@maxwidth=\dimen148
 (/usr/local/texlive/2025/texmf-dist/tex/latex/listings/lstpatch.sty
File: lstpatch.sty 2024/09/23 1.10c (Carsten Heinz)
) (/usr/local/texlive/2025/texmf-dist/tex/latex/listings/lstmisc.sty
File: lstmisc.sty 2024/09/23 1.10c (Carsten Heinz)
\c@lstnumber=\count314
\lst@skipnumbers=\count315
\lst@framebox=\box54
) (/usr/local/texlive/2025/texmf-dist/tex/latex/listings/listings.cfg
File: listings.cfg 2024/09/23 1.10c listings configuration
))
Package: listings 2024/09/23 1.10c (Carsten Heinz)
 (/usr/local/texlive/2025/texmf-dist/tex/latex/graphics/graphicx.sty
Package: graphicx 2021/09/16 v1.2d Enhanced LaTeX Graphics (DPC,SPQR)
 (/usr/local/texlive/2025/texmf-dist/tex/latex/graphics/graphics.sty
Package: graphics 2024/08/06 v1.4g Standard LaTeX Graphics (DPC,SPQR)
 (/usr/local/texlive/2025/texmf-dist/tex/latex/graphics/trig.sty
Package: trig 2023/12/02 v1.11 sin cos tan (DPC)
) (/usr/local/texlive/2025/texmf-dist/tex/latex/graphics-cfg/graphics.cfg
File: graphics.cfg 2016/06/04 v1.11 sample graphics configuration
)
Package graphics Info: Driver file: xetex.def on input line 106.
 (/usr/local/texlive/2025/texmf-dist/tex/latex/graphics-def/xetex.def
File: xetex.def 2022/09/22 v5.0n Graphics/color driver for xetex
))
\Gin@req@height=\dimen149
\Gin@req@width=\dimen150
) (/usr/local/texlive/2025/texmf-dist/tex/latex/subfigure/subfigure.sty
Package: subfigure 2002/03/15 v2.1.5 subfigure package
\subfigtopskip=\skip76
\subfigcapskip=\skip77
\subfigcaptopadj=\dimen151
\subfigbottomskip=\skip78
\subfigcapmargin=\dimen152
\subfiglabelskip=\skip79
\c@subfigure=\count316
\c@lofdepth=\count317
\c@subtable=\count318
\c@lotdepth=\count319

****************************************
* Local config file subfigure.cfg used *
****************************************
(/usr/local/texlive/2025/texmf-dist/tex/latex/subfigure/subfigure.cfg)
\subfig@top=\skip80
\subfig@bottom=\skip81
) (/usr/local/texlive/2025/texmf-dist/tex/latex/wrapfig/wrapfig.sty
\wrapoverhang=\dimen153
\WF@size=\dimen154
\c@WF@wrappedlines=\count320
\WF@box=\box55
\WF@everypar=\toks24
Package: wrapfig 2003/01/31  v 3.6
) (/usr/local/texlive/2025/texmf-dist/tex/latex/multirow/multirow.sty
Package: multirow 2024/11/12 v2.9 Span multiple rows of a table
\multirow@colwidth=\skip82
\multirow@cntb=\count321
\multirow@dima=\skip83
\bigstrutjot=\dimen155
) (/usr/local/texlive/2025/texmf-dist/tex/latex/geometry/geometry.sty
Package: geometry 2020/01/02 v5.9 Page Geometry
 (/usr/local/texlive/2025/texmf-dist/tex/generic/iftex/ifvtex.sty
Package: ifvtex 2019/10/25 v1.7 ifvtex legacy package. Use iftex instead.
 (/usr/local/texlive/2025/texmf-dist/tex/generic/iftex/iftex.sty
Package: iftex 2024/12/12 v1.0g TeX engine tests
))
\Gm@cnth=\count322
\Gm@cntv=\count323
\c@Gm@tempcnt=\count324
\Gm@bindingoffset=\dimen156
\Gm@wd@mp=\dimen157
\Gm@odd@mp=\dimen158
\Gm@even@mp=\dimen159
\Gm@layoutwidth=\dimen160
\Gm@layoutheight=\dimen161
\Gm@layouthoffset=\dimen162
\Gm@layoutvoffset=\dimen163
\Gm@dimlist=\toks25
) (/usr/local/texlive/2025/texmf-dist/tex/xelatex/xepersian/xepersian.sty
Package: xepersian 2025/02/02 v25.2.2 (Release Persian Gate) Persian typesetting in XeLaTeX

****************************************************
* 
* xepersian package (Persian for LaTeX, using XeTeX engine)
* 
* Description: The package supports Persian
* typesetting, using fonts provided in the
* distribution.
* 
* Copyright (c) 2008--2025 Vafa Khalighi
* Copyright (c) 2018--2020 bidi-tex GitHub Organization
* 
* v25.2.2 (Release Persian Gate), 2025/02/02
* 
* License: LaTeX Project Public License, version
* 1.3c or higher (your choice)
* 
* Location on CTAN: /macros/xetex/latex/xepersian
* 
* Issue tracker: https://github.com/xepersian/xepersian/issues
* 
* Discussions: https://github.com/xepersian/xepersian/discussions
* 
* Primary author of xepersian package: Vafa Khalighi.
* 
****************************************************
(/usr/local/texlive/2025/texmf-dist/tex/latex/fontspec/fontspec.sty (/usr/local/texlive/2025/texmf-dist/tex/latex/l3packages/xparse/xparse.sty (/usr/local/texlive/2025/texmf-dist/tex/latex/l3kernel/expl3.sty
Package: expl3 2025-01-18 L3 programming layer (loader) 
 (/usr/local/texlive/2025/texmf-dist/tex/latex/l3backend/l3backend-xetex.def
File: l3backend-xetex.def 2024-05-08 L3 backend support: XeTeX
\g__graphics_track_int=\count325
\l__pdf_internal_box=\box56
\g__pdf_backend_annotation_int=\count326
\g__pdf_backend_link_int=\count327
))
Package: xparse 2024-08-16 L3 Experimental document command parser
)
Package: fontspec 2024/05/11 v2.9e Font selection for XeLaTeX and LuaLaTeX
 (/usr/local/texlive/2025/texmf-dist/tex/latex/fontspec/fontspec-xetex.sty
Package: fontspec-xetex 2024/05/11 v2.9e Font selection for XeLaTeX and LuaLaTeX
\l__fontspec_script_int=\count328
\l__fontspec_language_int=\count329
\l__fontspec_strnum_int=\count330
\l__fontspec_tmp_int=\count331
\l__fontspec_tmpa_int=\count332
\l__fontspec_tmpb_int=\count333
\l__fontspec_tmpc_int=\count334
\l__fontspec_em_int=\count335
\l__fontspec_emdef_int=\count336
\l__fontspec_strong_int=\count337
\l__fontspec_strongdef_int=\count338
\l__fontspec_tmpa_dim=\dimen164
\l__fontspec_tmpb_dim=\dimen165
\l__fontspec_tmpc_dim=\dimen166
 (/usr/local/texlive/2025/texmf-dist/tex/latex/base/fontenc.sty
Package: fontenc 2021/04/29 v2.0v Standard LaTeX package
) (/usr/local/texlive/2025/texmf-dist/tex/latex/fontspec/fontspec.cfg))) (/usr/local/texlive/2025/texmf-dist/tex/xelatex/xepersian/xepersian-persiancal.sty
Package: xepersian-persiancal 2025/01/01 v0.3 provides Persian calendar
\XePersian@i=\count339
\XePersian@y=\count340
\XePersian@m=\count341
\XePersian@d=\count342
\XePersian@latini=\count343
\XePersian@persiani=\count344
\XePersian@latinii=\count345
\XePersian@persianii=\count346
\XePersian@latiniii=\count347
\XePersian@persianiii=\count348
\XePersian@latiniv=\count349
\XePersian@persianiv=\count350
\XePersian@latinv=\count351
\XePersian@persianv=\count352
\XePersian@latinvi=\count353
\XePersian@persianvi=\count354
\XePersian@latinvii=\count355
\XePersian@persianvii=\count356
\XePersian@latinviii=\count357
\XePersian@persianviii=\count358
\XePersian@latinix=\count359
\XePersian@persianix=\count360
\XePersian@latinx=\count361
\XePersian@persianx=\count362
\XePersian@latinxi=\count363
\XePersian@persianxi=\count364
\XePersian@latinxii=\count365
\XePersian@persianxii=\count366
\XePersian@persianxiii=\count367
\XePersian@temp=\count368
\XePersian@temptwo=\count369
\XePersian@tempthree=\count370
\XePersian@yModHundred=\count371
\XePersian@thirtytwo=\count372
\XePersian@dn=\count373
\XePersian@sn=\count374
\XePersian@mminusone=\count375
) (/usr/local/texlive/2025/texmf-dist/tex/xelatex/xepersian/unicode-persianmath.sty
Package: unicode-persianmath 2025/02/02 v1.2.3 Unicode Persian math
) (/usr/local/texlive/2025/texmf-dist/tex/xelatex/bidi/bidi.sty
Package: bidi 2025/02/02 v25.2.2 (Release Maryam Mirzakhani) Bidirectional typesetting in plain TeX and LaTeX

****************************************************
* 
* bidi package (Bidirectional typesetting in
* plain TeX and LaTeX, using XeTeX engine)
* 
* Description: A convenient interface for
* typesetting bidirectional texts in plain TeX
* and LaTeX. The package includes adaptations
* for use with many other commonly-used packages.
* 
* Copyright (c) 2007--2025 Vafa Khalighi
* Copyright (c) 2018--2020 bidi-tex GitHub organization
* 
* v25.2.2 (Release Maryam Mirzakhani), 2025/02/02
* 
* License: LaTeX Project Public License, version
* 1.3c or higher (your choice)
* 
* Location on CTAN: /macros/xetex/latex/bidi
* 
* Issue tracker: https://github.com/xepersian/bidi/issues
* 
* Discussions: https://github.com/xepersian/bidi/discussions
* 
* Primary author of bidi package: Vafa Khalighi.
* 
****************************************************
(/usr/local/texlive/2025/texmf-dist/tex/xelatex/bidi/biditools.sty
Package: biditools 2025/02/02 v2.7 Programming tools for bidi package
\@bidi@envbody=\toks26
\@bidi@emptytoks=\toks27
\bidi@poscount=\count376
\bidi@tempcountb=\count377
\bidi@temptoksa=\toks28
\bidi@temptoksb=\toks29
\bidi@dummies=\count378
\bidi@are@these@correct=\toks30
\bidi@toks@lista=\toks31
\bidi@toks@listb=\toks32
\bidi@stack@length=\count379
\bidi@empty@stack=\toks33
\bidi@looprepeat@depth=\count380
) (/usr/local/texlive/2025/texmf-dist/tex/latex/zref/zref-abspage.sty
Package: zref-abspage 2023-09-14 v2.35 Module abspage for zref (HO)
 (/usr/local/texlive/2025/texmf-dist/tex/latex/zref/zref-base.sty
Package: zref-base 2023-09-14 v2.35 Module base for zref (HO)
 (/usr/local/texlive/2025/texmf-dist/tex/generic/ltxcmds/ltxcmds.sty
Package: ltxcmds 2023-12-04 v1.26 LaTeX kernel commands for general use (HO)
) (/usr/local/texlive/2025/texmf-dist/tex/generic/infwarerr/infwarerr.sty
Package: infwarerr 2019/12/03 v1.5 Providing info/warning/error messages (HO)
) (/usr/local/texlive/2025/texmf-dist/tex/latex/kvsetkeys/kvsetkeys.sty
Package: kvsetkeys 2022-10-05 v1.19 Key value parser (HO)
) (/usr/local/texlive/2025/texmf-dist/tex/generic/kvdefinekeys/kvdefinekeys.sty
Package: kvdefinekeys 2019-12-19 v1.6 Define keys (HO)
) (/usr/local/texlive/2025/texmf-dist/tex/generic/pdftexcmds/pdftexcmds.sty
Package: pdftexcmds 2020-06-27 v0.33 Utility functions of pdfTeX for LuaTeX (HO)
Package pdftexcmds Info: \pdf@primitive is available.
Package pdftexcmds Info: \pdf@ifprimitive is available.
Package pdftexcmds Info: \pdfdraftmode not found.
) (/usr/local/texlive/2025/texmf-dist/tex/generic/etexcmds/etexcmds.sty
Package: etexcmds 2019/12/15 v1.7 Avoid name clashes with e-TeX commands (HO)
) (/usr/local/texlive/2025/texmf-dist/tex/latex/auxhook/auxhook.sty
Package: auxhook 2019-12-17 v1.6 Hooks for auxiliary files (HO)
)
Package zref Info: New property list: main on input line 767.
Package zref Info: New property: default on input line 768.
Package zref Info: New property: page on input line 769.
)
\c@abspage=\count381
Package zref Info: New property: abspage on input line 67.
)
\@bidi@copyins@=\insert252
\bidi@typesethour=\count382
\bidi@typesetminute=\count383
 (/usr/local/texlive/2025/texmf-dist/tex/xelatex/bidi/latex-xetex-bidi.def
File: latex-xetex-bidi.def 2025/01/03 v1.5.2 bidi adaptations for `latex.ltx' for XeTeX engine
\bidi@n@everypar=\toks34
LaTeX Info: Redefining \centerline on input line 316.
LaTeX Info: Redefining \leftline on input line 325.
LaTeX Info: Redefining \rightline on input line 326.
LaTeX Info: Redefining \underline on input line 334.
\bidi@column@check@number=\count384
 (/usr/local/texlive/2025/texmf-dist/tex/xelatex/bidi/footnote-xetex-bidi.def
File: footnote-xetex-bidi.def 2024/12/14 v1.3 bidi footnote macros for XeTeX engine
\c@footdir@label=\count385
\footdir@toks=\toks35
) (/usr/local/texlive/2025/texmf-dist/tex/xelatex/bidi/article-xetex-bidi.def
File: article-xetex-bidi.def 2025/01/05 v0.9 bidi adaptations for standard article class for XeTeX engine
) (/usr/local/texlive/2025/texmf-dist/tex/xelatex/bidi/geometry-xetex-bidi.def
File: geometry-xetex-bidi.def 2017/01/14 v0.2 bidi adaptations for geometry package for XeTeX engine
) (/usr/local/texlive/2025/texmf-dist/tex/xelatex/bidi/graphicx-xetex-bidi.def
File: graphicx-xetex-bidi.def 2017/06/17 v0.5 bidi adaptations for graphicx package for XeTeX engine
) (/usr/local/texlive/2025/texmf-dist/tex/xelatex/bidi/listings-xetex-bidi.def
File: listings-xetex-bidi.def 2025/01/03 v1.6 bidi adaptations for listings package for XeTeX engine
) (/usr/local/texlive/2025/texmf-dist/tex/xelatex/bidi/subfigure-xetex-bidi.def
File: subfigure-xetex-bidi.def 2010/03/01 v0.1 bidi adaptations for subfigure package for XeTeX engine
) (/usr/local/texlive/2025/texmf-dist/tex/xelatex/bidi/wrapfig-xetex-bidi.def
File: wrapfig-xetex-bidi.def 2014/04/23 v0.3 bidi adaptations for wrapfig package for XeTeX engine
))
\bidi@digits=\count386
\bidi@digits@charclass=\XeTeXcharclass1
\bidi@sepmark@charclass=\XeTeXcharclass2
)
\xepersian@tcl=\count387
\xepersian@ilg=\dimen167
\xepersian@strutilg=\dimen168
 (/usr/local/texlive/2025/texmf-dist/tex/xelatex/xepersian/footnote-xetex-bidi-xetex-xepersian.def
File: footnote-xetex-bidi-xetex-xepersian.def 2017/08/09 v0.6 xepersian adaptations for footnotes for XeTeX engine
) (/usr/local/texlive/2025/texmf-dist/tex/xelatex/xepersian/article-xetex-xepersian.def
File: article-xetex-xepersian.def 2010/07/25 v0.2 xepersian adaptations for standard article class for XeTeX engine
) (/usr/local/texlive/2025/texmf-dist/tex/xelatex/xepersian/listings-xetex-xepersian.def
File: listings-xetex-xepersian.def 2014/07/17 v0.3 xepersian adaptations for listings package for XeTeX engine
)
\xepersian@toks=\toks36
)

Package fontspec Info: 
(fontspec)             Font family 'lmroman10-regular(0)' created for font
(fontspec)             'lmroman10-regular' with options
(fontspec)             [Ligatures=TeX,Path,BoldFont={lmroman10-bold},BoldItalicFont={lmroman10-bolditalic},ItalicFont={lmroman10-italic},SmallCapsFont={lmromancaps10-regular},SlantedFont={lmromanslant10-regular},BoldSlantedFont={lmromanslant10-bold}].
(fontspec)              
(fontspec)              This font family consists of the following NFSS
(fontspec)             series/shapes:
(fontspec)              
(fontspec)             - 'normal' (m/n) with NFSS spec.:
(fontspec)             <->"[lmroman10-regular]/OT:script=latn;language=dflt;mapping=tex-text;"
(fontspec)             - 'small caps'  (m/sc) with NFSS spec.:
(fontspec)             <->"[lmromancaps10-regular]/OT:script=latn;language=dflt;mapping=tex-text;"
(fontspec)             - 'bold' (b/n) with NFSS spec.:
(fontspec)             <->"[lmroman10-bold]/OT:script=latn;language=dflt;mapping=tex-text;"
(fontspec)             - 'bold small caps'  (b/sc) with NFSS spec.:
(fontspec)             <->"[lmromancaps10-regular]/OT:script=latn;language=dflt;mapping=tex-text;"
(fontspec)             - 'italic' (m/it) with NFSS spec.:
(fontspec)             <->"[lmroman10-italic]/OT:script=latn;language=dflt;mapping=tex-text;"
(fontspec)             - 'italic small caps'  (m/scit) with NFSS spec.:
(fontspec)             <->"[lmromancaps10-regular]/OT:script=latn;language=dflt;mapping=tex-text;"
(fontspec)             - 'slanted' (m/sl) with NFSS spec.:
(fontspec)             <->"[lmromanslant10-regular]/OT:script=latn;language=dflt;mapping=tex-text;"
(fontspec)             - 'slanted small caps'  (m/scsl) with NFSS spec.:
(fontspec)             <->"[lmromancaps10-regular]/OT:script=latn;language=dflt;mapping=tex-text;"
(fontspec)             - 'bold italic' (b/it) with NFSS spec.:
(fontspec)             <->"[lmroman10-bolditalic]/OT:script=latn;language=dflt;mapping=tex-text;"
(fontspec)             - 'bold italic small caps'  (b/scit) with NFSS spec.:
(fontspec)             <->"[lmromancaps10-regular]/OT:script=latn;language=dflt;mapping=tex-text;"
(fontspec)             - 'bold slanted' (b/sl) with NFSS spec.:
(fontspec)             <->"[lmromanslant10-bold]/OT:script=latn;language=dflt;mapping=tex-text;"
(fontspec)             - 'bold slanted small caps'  (b/scsl) with NFSS spec.:
(fontspec)             <->"[lmromancaps10-regular]/OT:script=latn;language=dflt;mapping=tex-text;"


Package fontspec Info: 
(fontspec)             Font family 'XBNiloofar(0)' created for font 'XB
(fontspec)             Niloofar' with options
(fontspec)             [RawFeature={script=arab},Ligatures=PersianTeX].
(fontspec)              
(fontspec)              This font family consists of the following NFSS
(fontspec)             series/shapes:
(fontspec)              
(fontspec)             - 'normal' (m/n) with NFSS spec.: <->"XB
(fontspec)             Niloofar/OT:script=latn;language=dflt;script=arab;mapping=persian-tex-text;"
(fontspec)             - 'bold' (b/n) with NFSS spec.: <->"XB
(fontspec)             Niloofar/B/OT:script=latn;language=dflt;script=arab;mapping=persian-tex-text;"
(fontspec)             - 'italic' (m/it) with NFSS spec.: <->"XB
(fontspec)             Niloofar/I/OT:script=latn;language=dflt;script=arab;mapping=persian-tex-text;"
(fontspec)             - 'bold italic' (b/it) with NFSS spec.: <->"XB
(fontspec)             Niloofar/BI/OT:script=latn;language=dflt;script=arab;mapping=persian-tex-text;"

 (./Optional Project.aux)
\openout1 = `"Optional Project.aux"'.

LaTeX Font Info:    Checking defaults for OML/cmm/m/it on input line 33.
LaTeX Font Info:    ... okay on input line 33.
LaTeX Font Info:    Checking defaults for OMS/cmsy/m/n on input line 33.
LaTeX Font Info:    ... okay on input line 33.
LaTeX Font Info:    Checking defaults for OT1/cmr/m/n on input line 33.
LaTeX Font Info:    ... okay on input line 33.
LaTeX Font Info:    Checking defaults for T1/cmr/m/n on input line 33.
LaTeX Font Info:    ... okay on input line 33.
LaTeX Font Info:    Checking defaults for TS1/cmr/m/n on input line 33.
LaTeX Font Info:    ... okay on input line 33.
LaTeX Font Info:    Checking defaults for TU/lmr/m/n on input line 33.
LaTeX Font Info:    ... okay on input line 33.
LaTeX Font Info:    Checking defaults for OMX/cmex/m/n on input line 33.
LaTeX Font Info:    ... okay on input line 33.
LaTeX Font Info:    Checking defaults for U/cmr/m/n on input line 33.
LaTeX Font Info:    ... okay on input line 33.
\c@lstlisting=\count388

*geometry* driver: auto-detecting
*geometry* detected driver: xetex
*geometry* verbose mode - [ preamble ] result:
* driver: xetex
* paper: <default>
* layout: <same size as paper>
* layoutoffset:(h,v)=(0.0pt,0.0pt)
* modes: 
* h-part:(L,W,R)=(56.9055pt, 500.484pt, 56.9055pt)
* v-part:(T,H,B)=(56.9055pt, 681.15898pt, 56.9055pt)
* \paperwidth=614.295pt
* \paperheight=794.96999pt
* \textwidth=500.484pt
* \textheight=681.15898pt
* \oddsidemargin=-15.36449pt
* \evensidemargin=-15.36449pt
* \topmargin=-45.36449pt
* \headheight=15.0pt
* \headsep=15.0pt
* \topskip=12.0pt
* \footskip=29.0pt
* \marginparwidth=36.135pt
* \marginparsep=5.0pt
* \columnsep=10.0pt
* \skip\footins=10.8pt plus 4.0pt minus 2.0pt
* \hoffset=0.0pt
* \voffset=0.0pt
* \mag=1000
* \@twocolumnfalse
* \@twosidefalse
* \@mparswitchfalse
* \@reversemarginfalse
* (1in=72.27pt=25.4mm, 1cm=28.453pt)

LaTeX Font Info:    External font `cmex10' loaded for size
(Font)              <12> on input line 40.
LaTeX Font Info:    External font `cmex10' loaded for size
(Font)              <8> on input line 40.
LaTeX Font Info:    External font `cmex10' loaded for size
(Font)              <6> on input line 40.
File: images/logo.png Graphic file (type bmp)
<images/logo.png>

Overfull \vbox (59.06133pt too high) detected at line 42
 []


Underfull \hbox (badness 10000) in paragraph at lines 40--48
[][]
 []


Underfull \hbox (badness 10000) in paragraph at lines 67--68
[][]
 []


Underfull \hbox (badness 10000) in paragraph at lines 69--71
[][]
 []


Underfull \hbox (badness 10000) in paragraph at lines 72--74
[][]
 []


Underfull \hbox (badness 10000) in paragraph at lines 75--77
[][]
 []


Underfull \hbox (badness 10000) in paragraph at lines 78--80
[][]
 []



[1

]
This exam contains 0 questions with 0 parts, 0 subparts, and 0 subsubparts.
(./Optional Project.aux)
 ***********
LaTeX2e <2024-11-01> patch level 2
L3 programming layer <2025-01-18>
 ***********
 ) 
Here is how much of TeX's memory you used:
 9786 strings out of 473832
 239349 string characters out of 5729482
 668201 words of memory out of 5000000
 32712 multiletter control sequences out of 15000+600000
 561757 words of font info for 68 fonts, out of 8000000 for 9000
 1348 hyphenation exceptions out of 8191
 94i,13n,107p,1287b,266s stack positions out of 10000i,1000n,20000p,200000b,200000s

Output written on Optional Project.xdv (1 page, 21704 bytes).
